<?xml version="1.0" encoding="UTF-8"?><testsuite errors="0" failures="1" name="Automate the shopping process on the Advantage online store" skipped="0" tests="1" time="14.97" timestamp="2024-06-06 07:50:25"><testcase name="Add different products to the cart and validate the total purchase"><failure message="Expected validate purchase&#10;Expected: is &lt;true&gt;&#10;     but: was &lt;false&gt;" type="java.lang.AssertionError">Expected validate purchase
Expected: is &lt;true&gt;
     but: was &lt;false&gt;</failure><system-err>Expected validate purchase
Expected: is &lt;true&gt;
     but: was &lt;false&gt;&#13;
com.luisautomation.stepdefinitions.PurchaseProductsStepDefinitions.itIsValidatedThatTheTotalPurchaseIsEqualToTheSumOfTheSelectedProductsPrices(PurchaseProductsStepDefinitions.java:44)&#13;
✽.it is validated that the total purchase is equal to the sum of the selected products' prices(src/test/resources/features/purchase_of_products.feature:13)&#13;
</system-err></testcase></testsuite>