<?xml version="1.0" encoding="UTF-8"?><testsuite errors="0" failures="1" name="Automate the shopping process on the Advantage online store" skipped="0" tests="3" time="86.68" timestamp="2024-06-07 05:19:12"><testcase name="Add different products to the cart and validate the total purchase"/><testcase name="Add different products and eliminated a product for validate the change in total purchase"><failure message="Expected enabled element was not enabled" type="net.thucydides.core.webdriver.exceptions.ElementShouldBeEnabledException">Expected enabled element was not enabled</failure><system-err>Expected enabled element was not enabled&#13;
com.luisautomation.tasks.RemoveProducts.performAs(RemoveProducts.java:18)&#13;
com.luisautomation.stepdefinitions.PurchaseProductsStepDefinitions.removeProductsFromCart(PurchaseProductsStepDefinitions.java:52)&#13;
cucumber.runner.Runner.runPickle(Runner.java:80)&#13;
worker.org.gradle.process.internal.worker.GradleWorkerMain.run(GradleWorkerMain.java:69)&#13;
worker.org.gradle.process.internal.worker.GradleWorkerMain.main(GradleWorkerMain.java:74)&#13;
</system-err></testcase><testcase name="Add different products to the cart, validate the total price purchase and finalize the buy"/></testsuite>