<?xml version="1.0" encoding="UTF-8"?><testsuite errors="0" failures="0" name="Automate the shopping process on the Advantage online store" skipped="0" tests="3" time="75.7" timestamp="2024-06-07 06:02:12"><testcase name="Add different products to the cart, validate the total price purchase and finalize the buy"/><testcase name="Add different products to the cart and validate the total purchase"/><testcase name="Add different products and eliminated a product for validate the change in total purchase"/></testsuite>